[debug] [2022-10-03T09:07:36.871Z] ----------------------------------------------------------------------
[debug] [2022-10-03T09:07:36.873Z] Command:       C:\Program Files\nodejs\node.exe C:\Users\Daniel\AppData\Roaming\npm\node_modules\firebase-tools\lib\bin\firebase.js deploy
[debug] [2022-10-03T09:07:36.874Z] CLI Version:   11.13.0
[debug] [2022-10-03T09:07:36.874Z] Platform:      win32
[debug] [2022-10-03T09:07:36.874Z] Node Version:  v16.17.0
[debug] [2022-10-03T09:07:36.875Z] Time:          Mon Oct 03 2022 04:07:36 GMT-0500 (hora de verano central)
[debug] [2022-10-03T09:07:36.875Z] ----------------------------------------------------------------------
[debug] 
[debug] [2022-10-03T09:07:36.947Z] > command requires scopes: ["email","openid","https://www.googleapis.com/auth/cloudplatformprojects.readonly","https://www.googleapis.com/auth/firebase","https://www.googleapis.com/auth/cloud-platform"]
[debug] [2022-10-03T09:07:36.948Z] > authorizing via signed-in user (danielmp599@gmail.com)
[debug] [2022-10-03T09:07:36.948Z] [iam] checking project servicio for permissions ["firebase.projects.get","firebasehosting.sites.update"]
[debug] [2022-10-03T09:07:36.950Z] >>> [apiv2][query] POST https://cloudresourcemanager.googleapis.com/v1/projects/servicio:testIamPermissions [none]
[debug] [2022-10-03T09:07:36.951Z] >>> [apiv2][(partial)header] POST https://cloudresourcemanager.googleapis.com/v1/projects/servicio:testIamPermissions x-goog-quota-user=projects/servicio
[debug] [2022-10-03T09:07:36.951Z] >>> [apiv2][body] POST https://cloudresourcemanager.googleapis.com/v1/projects/servicio:testIamPermissions {"permissions":["firebase.projects.get","firebasehosting.sites.update"]}
[debug] [2022-10-03T09:07:37.511Z] <<< [apiv2][status] POST https://cloudresourcemanager.googleapis.com/v1/projects/servicio:testIamPermissions 200
[debug] [2022-10-03T09:07:37.512Z] <<< [apiv2][body] POST https://cloudresourcemanager.googleapis.com/v1/projects/servicio:testIamPermissions {}
[debug] [2022-10-03T09:07:37.512Z] [iam] error while checking permissions, command may fail: FirebaseError: Authorization failed. This account is missing the following required permissions on project servicio:

  firebase.projects.get
  firebasehosting.sites.update
[debug] [2022-10-03T09:07:37.514Z] >>> [apiv2][query] GET https://firebase.googleapis.com/v1beta1/projects/servicio [none]
[debug] [2022-10-03T09:07:37.902Z] <<< [apiv2][status] GET https://firebase.googleapis.com/v1beta1/projects/servicio 403
[debug] [2022-10-03T09:07:37.903Z] <<< [apiv2][body] GET https://firebase.googleapis.com/v1beta1/projects/servicio {"error":{"code":403,"message":"The caller does not have permission","status":"PERMISSION_DENIED"}}
[debug] [2022-10-03T09:07:37.904Z] HTTP Error: 403, The caller does not have permission
[debug] [2022-10-03T09:07:38.131Z] FirebaseError: HTTP Error: 403, The caller does not have permission
    at responseToError (C:\Users\Daniel\AppData\Roaming\npm\node_modules\firebase-tools\lib\responseToError.js:49:12)
    at RetryOperation._fn (C:\Users\Daniel\AppData\Roaming\npm\node_modules\firebase-tools\lib\apiv2.js:288:77)
    at processTicksAndRejections (node:internal/process/task_queues:96:5)
[error] 
[error] Error: Failed to get Firebase project servicio. Please make sure the project exists and your account has permission to access it.
